2025-07-15 11:01:38 0 [Note] Starting MariaDB 10.4.32-MariaDB source revision c4143f909528e3fab0677a28631d10389354c491 as process 12684
2025-07-15 11:01:38 0 [Note] InnoDB: Mutexes and rw_locks use Windows interlocked functions
2025-07-15 11:01:38 0 [Note] InnoDB: Uses event mutexes
2025-07-15 11:01:38 0 [Note] InnoDB: Compressed tables use zlib 1.3
2025-07-15 11:01:38 0 [Note] InnoDB: Number of pools: 1
2025-07-15 11:01:38 0 [Note] InnoDB: Using SSE2 crc32 instructions
2025-07-15 11:01:38 0 [Note] InnoDB: Initializing buffer pool, total size = 16M, instances = 1, chunk size = 16M
2025-07-15 11:01:38 0 [Note] InnoDB: Completed initialization of buffer pool
2025-07-15 11:01:38 0 [Note] InnoDB: Starting crash recovery from checkpoint LSN=300288
2025-07-15 11:01:39 0 [Note] InnoDB: 128 out of 128 rollback segments are active.
2025-07-15 11:01:39 0 [Note] InnoDB: Removed temporary tablespace data file: "ibtmp1"
2025-07-15 11:01:39 0 [Note] InnoDB: Creating shared tablespace for temporary tables
2025-07-15 11:01:39 0 [Note] InnoDB: Setting file '\xampp\mysql\data\ibtmp1' size to 12 MB. Physically writing the file full; Please wait ...
2025-07-15 11:01:39 0 [Note] InnoDB: File '\xampp\mysql\data\ibtmp1' size is now 12 MB.
2025-07-15 11:01:39 0 [Note] InnoDB: Waiting for purge to start
2025-07-15 11:01:39 0 [Note] InnoDB: 10.4.32 started; log sequence number 300297; transaction id 170
2025-07-15 11:01:39 0 [Note] InnoDB: Loading buffer pool(s) from C:\xampp\mysql\data\ib_buffer_pool
2025-07-15 11:01:39 0 [Note] Plugin 'FEEDBACK' is disabled.
2025-07-15 11:01:39 0 [Note] Server socket created on IP: '::'.
2025-07-15 11:07:48 0 [Note] Starting MariaDB 10.4.32-MariaDB source revision c4143f909528e3fab0677a28631d10389354c491 as process 7828
2025-07-15 11:07:48 0 [Note] InnoDB: Mutexes and rw_locks use Windows interlocked functions
2025-07-15 11:07:48 0 [Note] InnoDB: Uses event mutexes
2025-07-15 11:07:48 0 [Note] InnoDB: Compressed tables use zlib 1.3
2025-07-15 11:07:48 0 [Note] InnoDB: Number of pools: 1
2025-07-15 11:07:48 0 [Note] InnoDB: Using SSE2 crc32 instructions
2025-07-15 11:07:48 0 [Note] InnoDB: Initializing buffer pool, total size = 16M, instances = 1, chunk size = 16M
2025-07-15 11:07:48 0 [Note] InnoDB: Completed initialization of buffer pool
2025-07-15 11:07:48 0 [Note] InnoDB: Starting crash recovery from checkpoint LSN=300638
2025-07-15 11:07:48 0 [Note] InnoDB: 128 out of 128 rollback segments are active.
2025-07-15 11:07:48 0 [Note] InnoDB: Removed temporary tablespace data file: "ibtmp1"
2025-07-15 11:07:48 0 [Note] InnoDB: Creating shared tablespace for temporary tables
2025-07-15 11:07:48 0 [Note] InnoDB: Setting file '\xampp\mysql\data\ibtmp1' size to 12 MB. Physically writing the file full; Please wait ...
2025-07-15 11:07:48 0 [Note] InnoDB: File '\xampp\mysql\data\ibtmp1' size is now 12 MB.
2025-07-15 11:07:48 0 [Note] InnoDB: Waiting for purge to start
2025-07-15 11:07:48 0 [Note] InnoDB: 10.4.32 started; log sequence number 300647; transaction id 193
2025-07-15 11:07:48 0 [Note] InnoDB: Loading buffer pool(s) from C:\xampp\mysql\data\ib_buffer_pool
2025-07-15 11:07:48 0 [Note] Plugin 'FEEDBACK' is disabled.
2025-07-15 11:07:48 0 [Note] InnoDB: Buffer pool(s) load completed at 250715 11:07:48
2025-07-15 11:07:48 0 [Note] Server socket created on IP: '::'.
2025-07-15 11:09:45 0 [Note] Starting MariaDB 10.4.32-MariaDB source revision c4143f909528e3fab0677a28631d10389354c491 as process 6680
2025-07-15 11:09:45 0 [Note] InnoDB: Mutexes and rw_locks use Windows interlocked functions
2025-07-15 11:09:45 0 [Note] InnoDB: Uses event mutexes
2025-07-15 11:09:45 0 [Note] InnoDB: Compressed tables use zlib 1.3
2025-07-15 11:09:45 0 [Note] InnoDB: Number of pools: 1
2025-07-15 11:09:45 0 [Note] InnoDB: Using SSE2 crc32 instructions
2025-07-15 11:09:45 0 [Note] InnoDB: Initializing buffer pool, total size = 16M, instances = 1, chunk size = 16M
2025-07-15 11:09:45 0 [Note] InnoDB: Completed initialization of buffer pool
2025-07-15 11:09:45 0 [ERROR] InnoDB: Operating system error number 3 in a file operation.
2025-07-15 11:09:45 0 [ERROR] InnoDB: The error means the system cannot find the path specified.
2025-07-15 11:09:45 0 [ERROR] InnoDB: If you are installing InnoDB, remember that you must create directories yourself, InnoDB does not create them.
2025-07-15 11:09:45 0 [ERROR] InnoDB: Cannot open datafile for read-only: '.\ci4_db\users.ibd' OS error: 203
2025-07-15 11:09:45 0 [ERROR] InnoDB: Operating system error number 203 in a file operation.
2025-07-15 11:09:45 0 [Note] InnoDB: Some operating system error numbers are described at https://mariadb.com/kb/en/library/operating-system-error-codes/
2025-07-15 11:09:45 0 [ERROR] InnoDB: Could not find a valid tablespace file for ``ci4_db`.`users``. Please refer to https://mariadb.com/kb/en/innodb-data-dictionary-troubleshooting/ for how to resolve the issue.
2025-07-15 11:09:45 0 [Warning] InnoDB: Ignoring tablespace for `ci4_db`.`users` because it could not be opened.
2025-07-15 11:09:45 0 [Note] InnoDB: 128 out of 128 rollback segments are active.
2025-07-15 11:09:45 0 [Note] InnoDB: Removed temporary tablespace data file: "ibtmp1"
2025-07-15 11:09:45 0 [Note] InnoDB: Creating shared tablespace for temporary tables
2025-07-15 11:09:45 0 [Note] InnoDB: Setting file '\xampp\mysql\data\ibtmp1' size to 12 MB. Physically writing the file full; Please wait ...
2025-07-15 11:09:45 0 [Note] InnoDB: File '\xampp\mysql\data\ibtmp1' size is now 12 MB.
2025-07-15 11:09:45 0 [Note] InnoDB: Waiting for purge to start
2025-07-15 11:09:45 0 [Note] InnoDB: 10.4.32 started; log sequence number 1028447; transaction id 1845
2025-07-15 11:09:45 0 [Note] InnoDB: Loading buffer pool(s) from C:\xampp\mysql\data\ib_buffer_pool
2025-07-15 11:09:45 0 [Note] Plugin 'FEEDBACK' is disabled.
2025-07-15 11:09:45 0 [Note] Server socket created on IP: '::'.
2025-07-15 11:09:45 0 [Note] InnoDB: Buffer pool(s) load completed at 250715 11:09:2025-07-15 12:30:44 0 [Note] Starting MariaDB 10.4.32-MariaDB source revision c4143f909528e3fab0677a28631d10389354c491 as process 16712
2025-07-15 12:30:44 0 [Note] InnoDB: Mutexes and rw_locks use Windows interlocked functions
2025-07-15 12:30:44 0 [Note] InnoDB: Uses event mutexes
2025-07-15 12:30:44 0 [Note] InnoDB: Compressed tables use zlib 1.3
2025-07-15 12:30:44 0 [Note] InnoDB: Number of pools: 1
2025-07-15 12:30:44 0 [Note] InnoDB: Using SSE2 crc32 instructions
2025-07-15 12:30:44 0 [Note] InnoDB: Initializing buffer pool, total size = 16M, instances = 1, chunk size = 16M
2025-07-15 12:30:44 0 [Note] InnoDB: Completed initialization of buffer pool
2025-07-15 12:30:44 0 [Note] InnoDB: Starting crash recovery from checkpoint LSN=1081282
2025-07-15 12:30:45 0 [ERROR] InnoDB: Operating system error number 3 in a file operation.
2025-07-15 12:30:45 0 [ERROR] InnoDB: The error means the system cannot find the path specified.
2025-07-15 12:30:45 0 [ERROR] InnoDB: If you are installing InnoDB, remember that you must create directories yourself, InnoDB does not create them.
2025-07-15 12:30:45 0 [ERROR] InnoDB: Cannot open datafile for read-only: '.\ci4_db\users.ibd' OS error: 203
2025-07-15 12:30:45 0 [ERROR] InnoDB: Operating system error number 203 in a file operation.
2025-07-15 12:30:45 0 [Note] InnoDB: Some operating system error numbers are described at https://mariadb.com/kb/en/library/operating-system-error-codes/
2025-07-15 12:30:45 0 [ERROR] InnoDB: Could not find a valid tablespace file for ``ci4_db`.`users``. Please refer to https://mariadb.com/kb/en/innodb-data-dictionary-troubleshooting/ for how to resolve the issue.
2025-07-15 12:30:45 0 [Warning] InnoDB: Ignoring tablespace for `ci4_db`.`users` because it could not be opened.
2025-07-15 12:30:45 0 [Note] InnoDB: 128 out of 128 rollback segments are active.
2025-07-15 12:30:45 0 [Note] InnoDB: Removed temporary tablespace data file: "ibtmp1"
2025-07-15 12:30:45 0 [Note] InnoDB: Creating shared tablespace for temporary tables
2025-07-15 12:30:45 0 [Note] InnoDB: Setting file '\xampp\mysql\data\ibtmp1' size to 12 MB. Physically writing the file full; Please wait ...
2025-07-15 12:30:45 0 [Note] InnoDB: File '\xampp\mysql\data\ibtmp1' size is now 12 MB.
2025-07-15 12:30:45 0 [Note] InnoDB: Waiting for purge to start
2025-07-15 12:30:45 0 [Note] InnoDB: 10.4.32 started; log sequence number 1081291; transaction id 1938
2025-07-15 12:30:45 0 [Note] InnoDB: Loading buffer pool(s) from C:\xampp\mysql\data\ib_buffer_pool
2025-07-15 12:30:45 0 [Note] Plugin 'FEEDBACK' is disabled.
2025-07-15 12:30:45 0 [Note] InnoDB: Buffer pool(s) load completed at 250715 12:30:45
2025-07-15 12:30:45 0 [Note] Server socket created on IP: '::'.
2025-07-15 15:12:01 0 [Note] Starting MariaDB 10.4.32-MariaDB source revision c4143f909528e3fab0677a28631d10389354c491 as process 10400
2025-07-15 15:12:01 0 [Note] InnoDB: Mutexes and rw_locks use Windows interlocked functions
2025-07-15 15:12:01 0 [Note] InnoDB: Uses event mutexes
2025-07-15 15:12:01 0 [Note] InnoDB: Compressed tables use zlib 1.3
2025-07-15 15:12:01 0 [Note] InnoDB: Number of pools: 1
2025-07-15 15:12:01 0 [Note] InnoDB: Using SSE2 crc32 instructions
2025-07-15 15:12:01 0 [Note] InnoDB: Initializing buffer pool, total size = 16M, instances = 1, chunk size = 16M
2025-07-15 15:12:01 0 [Note] InnoDB: Completed initialization of buffer pool
2025-07-15 15:12:01 0 [Note] InnoDB: Starting crash recovery from checkpoint LSN=1170865
2025-07-15 15:12:02 0 [ERROR] InnoDB: Operating system error number 3 in a file operation.
2025-07-15 15:12:02 0 [ERROR] InnoDB: The error means the system cannot find the path specified.
2025-07-15 15:12:02 0 [ERROR] InnoDB: If you are installing InnoDB, remember that you must create directories yourself, InnoDB does not create them.
2025-07-15 15:12:02 0 [ERROR] InnoDB: Cannot open datafile for read-only: '.\ci4_db\users.ibd' OS error: 203
2025-07-15 15:12:02 0 [ERROR] InnoDB: Operating system error number 203 in a file operation.
2025-07-15 15:12:02 0 [Note] InnoDB: Some operating system error numbers are described at https://mariadb.com/kb/en/library/operating-system-error-codes/
2025-07-15 15:12:02 0 [ERROR] InnoDB: Could not find a valid tablespace file for ``ci4_db`.`users``. Please refer to https://mariadb.com/kb/en/innodb-data-dictionary-troubleshooting/ for how to resolve the issue.
2025-07-15 15:12:02 0 [Warning] InnoDB: Ignoring tablespace for `ci4_db`.`users` because it could not be opened.
2025-07-15 15:12:02 0 [Note] InnoDB: 128 out of 128 rollback segments are active.
2025-07-15 15:12:02 0 [Note] InnoDB: Removed temporary tablespace data file: "ibtmp1"
2025-07-15 15:12:02 0 [Note] InnoDB: Creating shared tablespace for temporary tables
2025-07-15 15:12:02 0 [Note] InnoDB: Setting file '\xampp\mysql\data\ibtmp1' size to 12 MB. Physically writing the file full; Please wait ...
2025-07-15 15:12:02 0 [Note] InnoDB: File '\xampp\mysql\data\ibtmp1' size is now 12 MB.
2025-07-15 15:12:02 0 [Note] InnoDB: Waiting for purge to start
2025-07-15 15:12:02 0 [Note] InnoDB: 10.4.32 started; log sequence number 1170874; transaction id 2171
2025-07-15 15:12:02 0 [Note] InnoDB: Loading buffer pool(s) from C:\xampp\mysql\data\ib_buffer_pool
2025-07-15 15:12:02 0 [Note] Plugin 'FEEDBACK' is disabled.
2025-07-15 15:12:02 0 [Note] InnoDB: Buffer pool(s) load completed at 250715 15:12:02
2025-07-15 15:12:02 0 [Note] Server socket created on IP: '::'.
2025-07-15 15:17:27 0 [Note] Starting MariaDB 10.4.32-MariaDB source revision c4143f909528e3fab0677a28631d10389354c491 as process 4424
2025-07-15 15:17:27 0 [Note] InnoDB: Mutexes and rw_locks use Windows interlocked functions
2025-07-15 15:17:27 0 [Note] InnoDB: Uses event mutexes
2025-07-15 15:17:27 0 [Note] InnoDB: Compressed tables use zlib 1.3
2025-07-15 15:17:27 0 [Note] InnoDB: Number of pools: 1
2025-07-15 15:17:27 0 [Note] InnoDB: Using SSE2 crc32 instructions
2025-07-15 15:17:27 0 [Note] InnoDB: Initializing buffer pool, total size = 16M, instances = 1, chunk size = 16M
2025-07-15 15:17:27 0 [Note] InnoDB: Completed initialization of buffer pool
2025-07-15 15:17:27 0 [Note] InnoDB: Starting crash recovery from checkpoint LSN=1170883
2025-07-15 15:17:28 0 [ERROR] InnoDB: Operating system error number 3 in a file operation.
2025-07-15 15:17:28 0 [ERROR] InnoDB: The error means the system cannot find the path specified.
2025-07-15 15:17:28 0 [ERROR] InnoDB: If you are installing InnoDB, remember that you must create directories yourself, InnoDB does not create them.
2025-07-15 15:17:28 0 [ERROR] InnoDB: Cannot open datafile for read-only: '.\ci4_db\users.ibd' OS error: 203
2025-07-15 15:17:28 0 [ERROR] InnoDB: Operating system error number 203 in a file operation.
2025-07-15 15:17:28 0 [Note] InnoDB: Some operating system error numbers are described at https://mariadb.com/kb/en/library/operating-system-error-codes/
2025-07-15 15:17:28 0 [ERROR] InnoDB: Could not find a valid tablespace file for ``ci4_db`.`users``. Please refer to https://mariadb.com/kb/en/innodb-data-dictionary-troubleshooting/ for how to resolve the issue.
2025-07-15 15:17:28 0 [Warning] InnoDB: Ignoring tablespace for `ci4_db`.`users` because it could not be opened.
2025-07-15 15:17:28 0 [Note] InnoDB: 128 out of 128 rollback segments are active.
2025-07-15 15:17:28 0 [Note] InnoDB: Removed temporary tablespace data file: "ibtmp1"
2025-07-15 15:17:28 0 [Note] InnoDB: Creating shared tablespace for temporary tables
2025-07-15 15:17:28 0 [Note] InnoDB: Setting file '\xampp\mysql\data\ibtmp1' size to 12 MB. Physically writing the file full; Please wait ...
2025-07-15 15:17:28 0 [Note] InnoDB: File '\xampp\mysql\data\ibtmp1' size is now 12 MB.
2025-07-15 15:17:28 0 [Note] InnoDB: Waiting for purge to start
2025-07-15 15:17:28 0 [Note] InnoDB: 10.4.32 started; log sequence number 1170892; transaction id 2171
2025-07-15 15:17:28 0 [Note] InnoDB: Loading buffer pool(s) from C:\xampp\mysql\data\ib_buffer_pool
2025-07-15 15:17:28 0 [Note] Plugin 'FEEDBACK' is disabled.
2025-07-15 15:17:28 0 [Note] Server socket created on IP: '::'.
2025-07-15 15:17:28 0 [Note] InnoDB: B2025-07-16  9:00:03 0 [Note] Starting MariaDB 10.4.32-MariaDB source revision c4143f909528e3fab0677a28631d10389354c491 as process 128
2025-07-16  9:00:03 0 [Note] InnoDB: Mutexes and rw_locks use Windows interlocked functions
2025-07-16  9:00:03 0 [Note] InnoDB: Uses event mutexes
2025-07-16  9:00:03 0 [Note] InnoDB: Compressed tables use zlib 1.3
2025-07-16  9:00:03 0 [Note] InnoDB: Number of pools: 1
2025-07-16  9:00:03 0 [Note] InnoDB: Using SSE2 crc32 instructions
2025-07-16  9:00:03 0 [Note] InnoDB: Initializing buffer pool, total size = 16M, instances = 1, chunk size = 16M
2025-07-16  9:00:03 0 [Note] InnoDB: Completed initialization of buffer pool
2025-07-16  9:00:03 0 [Note] InnoDB: Starting crash recovery from checkpoint LSN=1170901
2025-07-16  9:00:03 0 [ERROR] InnoDB: Operating system error number 3 in a file operation.
2025-07-16  9:00:03 0 [ERROR] InnoDB: The error means the system cannot find the path specified.
2025-07-16  9:00:03 0 [ERROR] InnoDB: If you are installing InnoDB, remember that you must create directories yourself, InnoDB does not create them.
2025-07-16  9:00:03 0 [ERROR] InnoDB: Cannot open datafile for read-only: '.\ci4_db\users.ibd' OS error: 203
2025-07-16  9:00:03 0 [ERROR] InnoDB: Operating system error number 203 in a file operation.
2025-07-16  9:00:03 0 [Note] InnoDB: Some operating system error numbers are described at https://mariadb.com/kb/en/library/operating-system-error-codes/
2025-07-16  9:00:03 0 [ERROR] InnoDB: Could not find a valid tablespace file for ``ci4_db`.`users``. Please refer to https://mariadb.com/kb/en/innodb-data-dictionary-troubleshooting/ for how to resolve the issue.
2025-07-16  9:00:03 0 [Warning] InnoDB: Ignoring tablespace for `ci4_db`.`users` because it could not be opened.
2025-07-16  9:00:04 0 [Note] InnoDB: 128 out of 128 rollback segments are active.
2025-07-16  9:00:04 0 [Note] InnoDB: Removed temporary tablespace data file: "ibtmp1"
2025-07-16  9:00:04 0 [Note] InnoDB: Creating shared tablespace for temporary tables
2025-07-16  9:00:04 0 [Note] InnoDB: Setting file '\xampp\mysql\data\ibtmp1' size to 12 MB. Physically writing the file full; Please wait ...
2025-07-16  9:00:04 0 [Note] InnoDB: File '\xampp\mysql\data\ibtmp1' size is now 12 MB.
2025-07-16  9:00:04 0 [Note] InnoDB: Waiting for purge to start
2025-07-16  9:00:04 0 [Note] InnoDB: 10.4.32 started; log sequence number 1170910; transaction id 2171
2025-07-16  9:00:04 0 [Note] InnoDB: Loading buffer pool(s) from C:\xampp\mysql\data\ib_buffer_pool
2025-07-16  9:00:04 0 [Note] Plugin 'FEEDBACK' is disabled.
2025-07-16  9:00:04 0 [Note] InnoDB: Buffer pool(s) load completed at 250716  9:00:04
2025-07-16  9:00:04 0 [Note] Server socket created on IP: '::'.
2025-07-17 19:13:24 0 [Note] Starting MariaDB 10.4.32-MariaDB source revision c4143f909528e3fab0677a28631d10389354c491 as process 7828
2025-07-17 19:13:25 0 [Note] InnoDB: Mutexes and rw_locks use Windows interlocked functions
2025-07-17 19:13:25 0 [Note] InnoDB: Uses event mutexes
2025-07-17 19:13:25 0 [Note] InnoDB: Compressed tables use zlib 1.3
2025-07-17 19:13:25 0 [Note] InnoDB: Number of pools: 1
2025-07-17 19:13:25 0 [Note] InnoDB: Using SSE2 crc32 instructions
2025-07-17 19:13:25 0 [Note] InnoDB: Initializing buffer pool, total size = 16M, instances = 1, chunk size = 16M
2025-07-17 19:13:25 0 [Note] InnoDB: Completed initialization of buffer pool
2025-07-17 19:13:25 0 [Note] InnoDB: Starting crash recovery from checkpoint LSN=1255157
2025-07-17 19:13:25 0 [ERROR] InnoDB: Operating system error number 3 in a file operation.
2025-07-17 19:13:25 0 [ERROR] InnoDB: The error means the system cannot find the path specified.
2025-07-17 19:13:25 0 [ERROR] InnoDB: If you are installing InnoDB, remember that you must create directories yourself, InnoDB does not create them.
2025-07-17 19:13:25 0 [ERROR] InnoDB: Cannot open datafile for read-only: '.\ci4_db\users.ibd' OS error: 203
2025-07-17 19:13:25 0 [ERROR] InnoDB: Operating system error number 203 in a file operation.
2025-07-17 19:13:25 0 [Note] InnoDB: Some operating system error numbers are described at https://mariadb.com/kb/en/library/operating-system-error-codes/
2025-07-17 19:13:25 0 [ERROR] InnoDB: Could not find a valid tablespace file for ``ci4_db`.`users``. Please refer to https://mariadb.com/kb/en/innodb-data-dictionary-troubleshooting/ for how to resolve the issue.
2025-07-17 19:13:25 0 [Warning] InnoDB: Ignoring tablespace for `ci4_db`.`users` because it could not be opened.
2025-07-17 19:13:25 0 [Note] InnoDB: 128 out of 128 rollback segments are active.
2025-07-17 19:13:25 0 [Note] InnoDB: Removed temporary tablespace data file: "ibtmp1"
2025-07-17 19:13:25 0 [Note] InnoDB: Creating shared tablespace for temporary tables
2025-07-17 19:13:25 0 [Note] InnoDB: Setting file '\xampp\mysql\data\ibtmp1' size to 12 MB. Physically writing the file full; Please wait ...
2025-07-17 19:13:25 0 [Note] InnoDB: File '\xampp\mysql\data\ibtmp1' size is now 12 MB.
2025-07-17 19:13:25 0 [Note] InnoDB: Waiting for purge to start
2025-07-17 19:13:25 0 [Note] InnoDB: 10.4.32 started; log sequence number 1255166; transaction id 2399
2025-07-17 19:13:25 0 [Note] InnoDB: Loading buffer pool(s) from C:\xampp\mysql\data\ib_buffer_pool
2025-07-17 19:13:25 0 [Note] Plugin 'FEEDBACK' is disabled.
2025-07-17 19:13:25 0 [Note] InnoDB: Buffer pool(s) load completed at 250717 19:13:25
2025-07-17 19:13:25 0 [Note] Server socket created on IP: '::'.
2025-07-20  9:21:51 0 [Note] Starting MariaDB 10.4.32-MariaDB source revision c4143f909528e3fab0677a28631d10389354c491 as process 20044
2025-07-20  9:21:51 0 [Note] InnoDB: Mutexes and rw_locks use Windows interlocked functions
2025-07-20  9:21:51 0 [Note] InnoDB: Uses event mutexes
2025-07-20  9:21:51 0 [Note] InnoDB: Compressed tables use zlib 1.3
2025-07-20  9:21:51 0 [Note] InnoDB: Number of pools: 1
2025-07-20  9:21:51 0 [Note] InnoDB: Using SSE2 crc32 instructions
2025-07-20  9:21:51 0 [Note] InnoDB: Initializing buffer pool, total size = 16M, instances = 1, chunk size = 16M
2025-07-20  9:21:51 0 [Note] InnoDB: Completed initialization of buffer pool
2025-07-20  9:21:51 0 [Note] InnoDB: Starting crash recovery from checkpoint LSN=1255921
2025-07-20  9:21:51 0 [ERROR] InnoDB: Operating system error number 3 in a file operation.
2025-07-20  9:21:51 0 [ERROR] InnoDB: The error means the system cannot find the path specified.
2025-07-20  9:21:51 0 [ERROR] InnoDB: If you are installing InnoDB, remember that you must create directories yourself, InnoDB does not create them.
2025-07-20  9:21:51 0 [ERROR] InnoDB: Cannot open datafile for read-only: '.\ci4_db\users.ibd' OS error: 203
2025-07-20  9:21:51 0 [ERROR] InnoDB: Operating system error number 203 in a file operation.
2025-07-20  9:21:51 0 [Note] InnoDB: Some operating system error numbers are described at https://mariadb.com/kb/en/library/operating-system-error-codes/
2025-07-20  9:21:51 0 [ERROR] InnoDB: Could not find a valid tablespace file for ``ci4_db`.`users``. Please refer to https://mariadb.com/kb/en/innodb-data-dictionary-troubleshooting/ for how to resolve the issue.
2025-07-20  9:21:51 0 [Warning] InnoDB: Ignoring tablespace for `ci4_db`.`users` because it could not be opened.
2025-07-20  9:21:51 0 [Note] InnoDB: 128 out of 128 rollback segments are active.
2025-07-20  9:21:51 0 [Note] InnoDB: Removed temporary tablespace data file: "ibtmp1"
2025-07-20  9:21:51 0 [Note] InnoDB: Creating shared tablespace for temporary tables
2025-07-20  9:21:51 0 [Note] InnoDB: Setting file '\xampp\mysql\data\ibtmp1' size to 12 MB. Physically writing the file full; Please wait ...
2025-07-20  9:21:51 0 [Note] InnoDB: File '\xampp\mysql\data\ibtmp1' size is now 12 MB.
2025-07-20  9:21:51 0 [Note] InnoDB: Waiting for purge to start
2025-07-20  9:21:51 0 [Note] InnoDB: 10.4.32 started; log sequence number 1255930; transaction id 2424
2025-07-20  9:21:51 0 [Note] InnoDB: Loading buffer pool(s) from C:\xampp\mysql\data\ib_buffer_pool
2025-07-20  9:21:51 0 [Note] Plugin 'FEEDBACK' is disabled.
2025-07-20  9:21:51 0 [Note] InnoDB: Buffer pool(s) load completed at 250720  9:21:51
2025-07-20  9:21:51 0 [Note] Server socket created on IP: '::'.
2025-07-21 10:08:16 0 [Note] Starting MariaDB 10.4.32-MariaDB source revision c4143f909528e3fab0677a28631d10389354c491 as process 5108
2025-07-21 10:08:16 0 [Note] InnoDB: Mutexes and rw_locks use Windows interlocked functions
2025-07-21 10:08:16 0 [Note] InnoDB: Uses event mutexes
2025-07-21 10:08:16 0 [Note] InnoDB: Compressed tables use zlib 1.3
2025-07-21 10:08:16 0 [Note] InnoDB: Number of pools: 1
2025-07-21 10:08:16 0 [Note] InnoDB: Using SSE2 crc32 instructions
2025-07-21 10:08:16 0 [Note] InnoDB: Initializing buffer pool, total size = 16M, instances = 1, chunk size = 16M
2025-07-21 10:08:16 0 [Note] InnoDB: Completed initialization of buffer pool
2025-07-21 10:08:16 0 [Note] InnoDB: Starting crash recovery from checkpoint LSN=1379682
2025-07-21 10:08:16 0 [ERROR] InnoDB: Operating system error number 3 in a file operation.
2025-07-21 10:08:16 0 [ERROR] InnoDB: The error means the system cannot find the path specified.
2025-07-21 10:08:16 0 [ERROR] InnoDB: If you are installing InnoDB, remember that you must create directories yourself, InnoDB does not create them.
2025-07-21 10:08:16 0 [ERROR] InnoDB: Cannot open datafile for read-only: '.\ci4_db\users.ibd' OS error: 203
2025-07-21 10:08:16 0 [ERROR] InnoDB: Operating system error number 203 in a file operation.
2025-07-21 10:08:16 0 [Note] InnoDB: Some operating system error numbers are described at https://mariadb.com/kb/en/library/operating-system-error-codes/
2025-07-21 10:08:16 0 [ERROR] InnoDB: Could not find a valid tablespace file for ``ci4_db`.`users``. Please refer to https://mariadb.com/kb/en/innodb-data-dictionary-troubleshooting/ for how to resolve the issue.
2025-07-21 10:08:16 0 [Warning] InnoDB: Ignoring tablespace for `ci4_db`.`users` because it could not be opened.
2025-07-21 10:08:16 0 [Note] InnoDB: 128 out of 128 rollback segments are active.
2025-07-21 10:08:16 0 [Note] InnoDB: Removed temporary tablespace data file: "ibtmp1"
2025-07-21 10:08:16 0 [Note] InnoDB: Creating shared tablespace for temporary tables
2025-07-21 10:08:17 0 [Note] InnoDB: Setting file 'C:\Users\zamza\Documents\GitHub\Dairy-Farm\xampp\mysql\data\ibtmp1' size to 12 MB. Physically writing the file full; Please wait ...
2025-07-21 10:08:17 0 [Note] InnoDB: File 'C:\Users\zamza\Documents\GitHub\Dairy-Farm\xampp\mysql\data\ibtmp1' size is now 12 MB.
2025-07-21 10:08:17 0 [Note] InnoDB: Waiting for purge to start
2025-07-21 10:08:17 0 [Note] InnoDB: 10.4.32 started; log sequence number 1379691; transaction id 2743
2025-07-21 10:08:17 0 [Note] InnoDB: Loading buffer pool(s) from C:\Users\zamza\Documents\GitHub\Dairy-Farm\xampp\mysql\data\ib_buffer_pool
2025-07-21 10:08:17 0 [Note] Plugin 'FEEDBACK' is disabled.
2025-07-21 10:08:17 0 [Note] InnoDB: Buffer pool(s) load completed at 250721 10:08:17
2025-07-21 10:08:17 0 [Note] Server socket created on IP: '::'.
2025-07-21 10:24:58 0 [Note] Starting MariaDB 10.4.32-MariaDB source revision c4143f909528e3fab0677a28631d10389354c491 as process 9992
2025-07-21 10:24:58 0 [Note] InnoDB: Mutexes and rw_locks use Windows interlocked functions
2025-07-21 10:24:58 0 [Note] InnoDB: Uses event mutexes
2025-07-21 10:24:58 0 [Note] InnoDB: Compressed tables use zlib 1.3
2025-07-21 10:24:58 0 [Note] InnoDB: Number of pools: 1
2025-07-21 10:24:58 0 [Note] InnoDB: Using SSE2 crc32 instructions
2025-07-21 10:24:58 0 [Note] InnoDB: Initializing buffer pool, total size = 16M, instances = 1, chunk size = 16M
2025-07-21 10:24:58 0 [Note] InnoDB: Completed initialization of buffer pool
2025-07-21 10:24:58 0 [Note] InnoDB: Starting crash recovery from checkpoint LSN=1381076
2025-07-21 10:24:58 0 [ERROR] InnoDB: Operating system error number 3 in a file operation.
2025-07-21 10:24:58 0 [ERROR] InnoDB: The error means the system cannot find the path specified.
2025-07-21 10:24:58 0 [ERROR] InnoDB: If you are installing InnoDB, remember that you must create directories yourself, InnoDB does not create them.
2025-07-21 10:24:58 0 [ERROR] InnoDB: Cannot open datafile for read-only: '.\ci4_db\users.ibd' OS error: 203
2025-07-21 10:24:58 0 [ERROR] InnoDB: Operating system error number 203 in a file operation.
2025-07-21 10:24:58 0 [Note] InnoDB: Some operating system error numbers are described at https://mariadb.com/kb/en/library/operating-system-error-codes/
2025-07-21 10:24:58 0 [ERROR] InnoDB: Could not find a valid tablespace file for ``ci4_db`.`users``. Please refer to https://mariadb.com/kb/en/innodb-data-dictionary-troubleshooting/ for how to resolve the issue.
2025-07-21 10:24:58 0 [Warning] InnoDB: Ignoring tablespace for `ci4_db`.`users` because it could not be opened.
2025-07-21 10:24:58 0 [Note] InnoDB: 128 out of 128 rollback segments are active.
2025-07-21 10:24:58 0 [Note] InnoDB: Removed temporary tablespace data file: "ibtmp1"
2025-07-21 10:24:58 0 [Note] InnoDB: Creating shared tablespace for temporary tables
2025-07-21 10:24:58 0 [Note] InnoDB: Setting file 'C:\Users\zamza\Documents\GitHub\Dairy-Farm\xampp\mysql\data\ibtmp1' size to 12 MB. Physically writing the file full; Please wait ...
2025-07-21 10:24:58 0 [Note] InnoDB: File 'C:\Users\zamza\Documents\GitHub\Dairy-Farm\xampp\mysql\data\ibtmp1' size is now 12 MB.
2025-07-21 10:24:58 0 [Note] InnoDB: Waiting for purge to start
2025-07-21 10:24:58 0 [Note] InnoDB: 10.4.32 started; log sequence number 1381085; transaction id 2771
2025-07-21 10:24:58 0 [Note] InnoDB: Loading buffer pool(s) from C:\Users\zamza\Documents\GitHub\Dairy-Farm\xampp\mysql\data\ib_buffer_pool
2025-07-21 10:24:58 0 [Note] Plugin 'FEEDBACK' is disabled.
2025-07-21 10:24:58 0 [Note] InnoDB: Buffer pool(s) load completed at 250721 10:24:58
2025-07-21 10:24:58 0 [Note] Server socket created on IP: '::'.
2025-07-21 10:47:14 0 [Note] Starting MariaDB 10.4.32-MariaDB source revision c4143f909528e3fab0677a28631d10389354c491 as process 12504
2025-07-21 10:47:14 0 [Note] InnoDB: Mutexes and rw_locks use Windows interlocked functions
2025-07-21 10:47:14 0 [Note] InnoDB: Uses event mutexes
2025-07-21 10:47:14 0 [Note] InnoDB: Compressed tables use zlib 1.3
2025-07-21 10:47:14 0 [Note] InnoDB: Number of pools: 1
2025-07-21 10:47:14 0 [Note] InnoDB: Using SSE2 crc32 instructions
2025-07-21 10:47:14 0 [Note] InnoDB: Initializing buffer pool, total size = 16M, instances = 1, chunk size = 16M
2025-07-21 10:47:14 0 [Note] InnoDB: Completed initialization of buffer pool
2025-07-21 10:47:14 0 [Note] InnoDB: Starting crash recovery from checkpoint LSN=1381094
2025-07-21 10:47:14 0 [ERROR] InnoDB: Operating system error number 3 in a file operation.
2025-07-21 10:47:14 0 [ERROR] InnoDB: The error means the system cannot find the path specified.
2025-07-21 10:47:14 0 [ERROR] InnoDB: If you are installing InnoDB, remember that you must create directories yourself, InnoDB does not create them.
2025-07-21 10:47:14 0 [ERROR] InnoDB: Cannot open datafile for read-only: '.\ci4_db\users.ibd' OS error: 203
2025-07-21 10:47:14 0 [ERROR] InnoDB: Operating system error number 203 in a file operation.
2025-07-21 10:47:14 0 [Note] InnoDB: Some operating system error numbers are described at https://mariadb.com/kb/en/library/operating-system-error-codes/
2025-07-21 10:47:14 0 [ERROR] InnoDB: Could not find a valid tablespace file for ``ci4_db`.`users``. Please refer to https://mariadb.com/kb/en/innodb-data-dictionary-troubleshooting/ for how to resolve the issue.
2025-07-21 10:47:14 0 [Warning] InnoDB: Ignoring tablespace for `ci4_db`.`users` because it could not be opened.
2025-07-21 10:47:14 0 [Note] InnoDB: 128 out of 128 rollback segments are active.
2025-07-21 10:47:14 0 [Note] InnoDB: Removed temporary tablespace data file: "ibtmp1"
2025-07-21 10:47:14 0 [Note] InnoDB: Creating shared tablespace for temporary tables
2025-07-21 10:47:14 0 [Note] InnoDB: Setting file 'C:\Users\zamza\Documents\GitHub\Dairy-Farm\xampp\mysql\data\ibtmp1' size to 12 MB. Physically writing the file full; Please wait ...
2025-07-21 10:47:14 0 [Note] InnoDB: File 'C:\Users\zamza\Documents\GitHub\Dairy-Farm\xampp\mysql\data\ibtmp1' size is now 12 MB.
2025-07-21 10:47:14 0 [Note] InnoDB: Waiting for purge to start
2025-07-21 10:47:14 0 [Note] InnoDB: 10.4.32 started; log sequence number 1381103; transaction id 2771
2025-07-21 10:47:14 0 [Note] InnoDB: Loading buffer pool(s) from C:\Users\zamza\Documents\GitHub\Dairy-Farm\xampp\mysql\data\ib_buffer_pool
2025-07-21 10:47:14 0 [Note] Plugin 'FEEDBACK' is disabled.
2025-07-21 10:47:14 0 [Note] InnoDB: Buffer pool(s) load completed at 250721 10:47:14
2025-07-21 10:47:14 0 [Note] Server socket created on IP: '::'.
2025-07-21 12:22:29 0 [Note] Starting MariaDB 10.4.32-MariaDB source revision c4143f909528e3fab0677a28631d10389354c491 as process 12952
2025-07-21 12:22:29 0 [Note] InnoDB: Mutexes and rw_locks use Windows interlocked functions
2025-07-21 12:22:29 0 [Note] InnoDB: Uses event mutexes
2025-07-21 12:22:29 0 [Note] InnoDB: Compressed tables use zlib 1.3
2025-07-21 12:22:29 0 [Note] InnoDB: Number of pools: 1
2025-07-21 12:22:29 0 [Note] InnoDB: Using SSE2 crc32 instructions
2025-07-21 12:22:29 0 [Note] InnoDB: Initializing buffer pool, total size = 16M, instances = 1, chunk size = 16M
2025-07-21 12:22:29 0 [Note] InnoDB: Completed initialization of buffer pool
2025-07-21 12:22:29 0 [Note] InnoDB: Starting crash recovery from checkpoint LSN=1443230
2025-07-21 12:22:29 0 [ERROR] InnoDB: Operating system error number 3 in a file operation.
2025-07-21 12:22:29 0 [ERROR] InnoDB: The error means the system cannot find the path specified.
2025-07-21 12:22:29 0 [ERROR] InnoDB: If you are installing InnoDB, remember that you must create directories yourself, InnoDB does not create them.
2025-07-21 12:22:29 0 [ERROR] InnoDB: Cannot open datafile for read-only: '.\ci4_db\users.ibd' OS error: 203
2025-07-21 12:22:29 0 [ERROR] InnoDB: Operating system error number 203 in a file operation.
2025-07-21 12:22:29 0 [Note] InnoDB: Some operating system error numbers are described at https://mariadb.com/kb/en/library/operating-system-error-codes/
2025-07-21 12:22:29 0 [ERROR] InnoDB: Could not find a valid tablespace file for ``ci4_db`.`users``. Please refer to https://mariadb.com/kb/en/innodb-data-dictionary-troubleshooting/ for how to resolve the issue.
2025-07-21 12:22:29 0 [Warning] InnoDB: Ignoring tablespace for `ci4_db`.`users` because it could not be opened.
2025-07-21 12:22:29 0 [Note] InnoDB: 128 out of 128 rollback segments are active.
2025-07-21 12:22:29 0 [Note] InnoDB: Removed temporary tablespace data file: "ibtmp1"
2025-07-21 12:22:29 0 [Note] InnoDB: Creating shared tablespace for temporary tables
2025-07-21 12:22:29 0 [Note] InnoDB: Setting file 'C:\Users\zamza\Documents\GitHub\Dairy-Farm\xampp\mysql\data\ibtmp1' size to 12 MB. Physically writing the file full; Please wait ...
2025-07-21 12:22:29 0 [Note] InnoDB: File 'C:\Users\zamza\Documents\GitHub\Dairy-Farm\xampp\mysql\data\ibtmp1' size is now 12 MB.
2025-07-21 12:22:29 0 [Note] InnoDB: Waiting for purge to start
2025-07-21 12:22:29 0 [Note] InnoDB: 10.4.32 started; log sequence number 1443239; transaction id 2954
2025-07-21 12:22:29 0 [Note] InnoDB: Loading buffer pool(s) from C:\Users\zamza\Documents\GitHub\Dairy-Farm\xampp\mysql\data\ib_buffer_pool
2025-07-21 12:22:29 0 [Note] Plugin 'FEEDBACK' is disabled.
2025-07-21 12:22:29 0 [Note] Server socket created on IP: '::'.
