DEBUG - 2025-08-06 12:29:54 --> Session: Class initialized using 'CodeIgniter\Session\Handlers\FileHandler' driver.
DEBUG - 2025-08-06 12:30:01 --> Session: Class initialized using 'CodeIgniter\Session\Handlers\FileHandler' driver.
DEBUG - 2025-08-06 12:30:01 --> Session: Class initialized using 'CodeIgniter\Session\Handlers\FileHandler' driver.
DEBUG - 2025-08-06 12:30:06 --> Session: Class initialized using 'CodeIgniter\Session\Handlers\FileHandler' driver.
DEBUG - 2025-08-06 12:30:06 --> Session: Class initialized using 'CodeIgniter\Session\Handlers\FileHandler' driver.
DEBUG - 2025-08-06 12:31:13 --> Session: Class initialized using 'CodeIgniter\Session\Handlers\FileHandler' driver.
DEBUG - 2025-08-06 12:31:22 --> Session: Class initialized using 'CodeIgniter\Session\Handlers\FileHandler' driver.
DEBUG - 2025-08-06 12:31:22 --> Session: Class initialized using 'CodeIgniter\Session\Handlers\FileHandler' driver.
DEBUG - 2025-08-06 12:31:34 --> Session: Class initialized using 'CodeIgniter\Session\Handlers\FileHandler' driver.
DEBUG - 2025-08-06 12:31:35 --> Session: Class initialized using 'CodeIgniter\Session\Handlers\FileHandler' driver.
DEBUG - 2025-08-06 13:33:07 --> Session: Class initialized using 'CodeIgniter\Session\Handlers\FileHandler' driver.
WARNING - 2025-08-06 13:33:07 --> [DEPRECATED] ucfirst(): Passing null to parameter #1 ($string) of type string is deprecated in APPPATH\Views\Manage\employees.php on line 204.
 1 APPPATH\Views\Manage\employees.php(204): ucfirst(null)
 2 SYSTEMPATH\View\View.php(224): include('C:\\Users\\zamza\\Documents\\GitHub\\Dairy-Farm\\xampp\\htdocs\\ci4-login\\app\\Views\\Manage\\employees.php')
 3 SYSTEMPATH\View\View.php(227): CodeIgniter\View\View->CodeIgniter\View\{closure}()
 4 SYSTEMPATH\Common.php(1173): CodeIgniter\View\View->render('manage/employees', [], true)
 5 APPPATH\Controllers\Manage.php(21): view('manage/employees', [...])
 6 SYSTEMPATH\CodeIgniter.php(933): App\Controllers\Manage->employees()
 7 SYSTEMPATH\CodeIgniter.php(507): CodeIgniter\CodeIgniter->runController(Object(App\Controllers\Manage))
 8 SYSTEMPATH\CodeIgniter.php(354): CodeIgniter\CodeIgniter->handleRequest(null, Object(Config\Cache), false)
 9 SYSTEMPATH\Boot.php(334): CodeIgniter\CodeIgniter->run()
10 SYSTEMPATH\Boot.php(67): CodeIgniter\Boot::runCodeIgniter(Object(CodeIgniter\CodeIgniter))
11 FCPATH\index.php(59): CodeIgniter\Boot::bootWeb(Object(Config\Paths))
WARNING - 2025-08-06 13:33:07 --> [DEPRECATED] number_format(): Passing null to parameter #1 ($num) of type float is deprecated in APPPATH\Views\Manage\employees.php on line 205.
 1 APPPATH\Views\Manage\employees.php(205): number_format(null)
 2 SYSTEMPATH\View\View.php(224): include('C:\\Users\\zamza\\Documents\\GitHub\\Dairy-Farm\\xampp\\htdocs\\ci4-login\\app\\Views\\Manage\\employees.php')
 3 SYSTEMPATH\View\View.php(227): CodeIgniter\View\View->CodeIgniter\View\{closure}()
 4 SYSTEMPATH\Common.php(1173): CodeIgniter\View\View->render('manage/employees', [], true)
 5 APPPATH\Controllers\Manage.php(21): view('manage/employees', [...])
 6 SYSTEMPATH\CodeIgniter.php(933): App\Controllers\Manage->employees()
 7 SYSTEMPATH\CodeIgniter.php(507): CodeIgniter\CodeIgniter->runController(Object(App\Controllers\Manage))
 8 SYSTEMPATH\CodeIgniter.php(354): CodeIgniter\CodeIgniter->handleRequest(null, Object(Config\Cache), false)
 9 SYSTEMPATH\Boot.php(334): CodeIgniter\CodeIgniter->run()
10 SYSTEMPATH\Boot.php(67): CodeIgniter\Boot::runCodeIgniter(Object(CodeIgniter\CodeIgniter))
11 FCPATH\index.php(59): CodeIgniter\Boot::bootWeb(Object(Config\Paths))
DEBUG - 2025-08-06 13:34:35 --> Session: Class initialized using 'CodeIgniter\Session\Handlers\FileHandler' driver.
DEBUG - 2025-08-06 13:34:36 --> Session: Class initialized using 'CodeIgniter\Session\Handlers\FileHandler' driver.
WARNING - 2025-08-06 13:34:36 --> [DEPRECATED] ucfirst(): Passing null to parameter #1 ($string) of type string is deprecated in APPPATH\Views\Manage\employees.php on line 204.
 1 APPPATH\Views\Manage\employees.php(204): ucfirst(null)
 2 SYSTEMPATH\View\View.php(224): include('C:\\Users\\zamza\\Documents\\GitHub\\Dairy-Farm\\xampp\\htdocs\\ci4-login\\app\\Views\\Manage\\employees.php')
 3 SYSTEMPATH\View\View.php(227): CodeIgniter\View\View->CodeIgniter\View\{closure}()
 4 SYSTEMPATH\Common.php(1173): CodeIgniter\View\View->render('manage/employees', [], true)
 5 APPPATH\Controllers\Manage.php(21): view('manage/employees', [...])
 6 SYSTEMPATH\CodeIgniter.php(933): App\Controllers\Manage->employees()
 7 SYSTEMPATH\CodeIgniter.php(507): CodeIgniter\CodeIgniter->runController(Object(App\Controllers\Manage))
 8 SYSTEMPATH\CodeIgniter.php(354): CodeIgniter\CodeIgniter->handleRequest(null, Object(Config\Cache), false)
 9 SYSTEMPATH\Boot.php(334): CodeIgniter\CodeIgniter->run()
10 SYSTEMPATH\Boot.php(67): CodeIgniter\Boot::runCodeIgniter(Object(CodeIgniter\CodeIgniter))
11 FCPATH\index.php(59): CodeIgniter\Boot::bootWeb(Object(Config\Paths))
WARNING - 2025-08-06 13:34:36 --> [DEPRECATED] number_format(): Passing null to parameter #1 ($num) of type float is deprecated in APPPATH\Views\Manage\employees.php on line 205.
 1 APPPATH\Views\Manage\employees.php(205): number_format(null)
 2 SYSTEMPATH\View\View.php(224): include('C:\\Users\\zamza\\Documents\\GitHub\\Dairy-Farm\\xampp\\htdocs\\ci4-login\\app\\Views\\Manage\\employees.php')
 3 SYSTEMPATH\View\View.php(227): CodeIgniter\View\View->CodeIgniter\View\{closure}()
 4 SYSTEMPATH\Common.php(1173): CodeIgniter\View\View->render('manage/employees', [], true)
 5 APPPATH\Controllers\Manage.php(21): view('manage/employees', [...])
 6 SYSTEMPATH\CodeIgniter.php(933): App\Controllers\Manage->employees()
 7 SYSTEMPATH\CodeIgniter.php(507): CodeIgniter\CodeIgniter->runController(Object(App\Controllers\Manage))
 8 SYSTEMPATH\CodeIgniter.php(354): CodeIgniter\CodeIgniter->handleRequest(null, Object(Config\Cache), false)
 9 SYSTEMPATH\Boot.php(334): CodeIgniter\CodeIgniter->run()
10 SYSTEMPATH\Boot.php(67): CodeIgniter\Boot::runCodeIgniter(Object(CodeIgniter\CodeIgniter))
11 FCPATH\index.php(59): CodeIgniter\Boot::bootWeb(Object(Config\Paths))
DEBUG - 2025-08-06 13:37:01 --> Session: Class initialized using 'CodeIgniter\Session\Handlers\FileHandler' driver.
WARNING - 2025-08-06 13:37:01 --> [DEPRECATED] ucfirst(): Passing null to parameter #1 ($string) of type string is deprecated in APPPATH\Views\Manage\employees.php on line 204.
 1 APPPATH\Views\Manage\employees.php(204): ucfirst(null)
 2 SYSTEMPATH\View\View.php(224): include('C:\\Users\\zamza\\Documents\\GitHub\\Dairy-Farm\\xampp\\htdocs\\ci4-login\\app\\Views\\Manage\\employees.php')
 3 SYSTEMPATH\View\View.php(227): CodeIgniter\View\View->CodeIgniter\View\{closure}()
 4 SYSTEMPATH\Common.php(1173): CodeIgniter\View\View->render('manage/employees', [], true)
 5 APPPATH\Controllers\Manage.php(21): view('manage/employees', [...])
 6 SYSTEMPATH\CodeIgniter.php(933): App\Controllers\Manage->employees()
 7 SYSTEMPATH\CodeIgniter.php(507): CodeIgniter\CodeIgniter->runController(Object(App\Controllers\Manage))
 8 SYSTEMPATH\CodeIgniter.php(354): CodeIgniter\CodeIgniter->handleRequest(null, Object(Config\Cache), false)
 9 SYSTEMPATH\Boot.php(334): CodeIgniter\CodeIgniter->run()
10 SYSTEMPATH\Boot.php(67): CodeIgniter\Boot::runCodeIgniter(Object(CodeIgniter\CodeIgniter))
11 FCPATH\index.php(59): CodeIgniter\Boot::bootWeb(Object(Config\Paths))
WARNING - 2025-08-06 13:37:01 --> [DEPRECATED] number_format(): Passing null to parameter #1 ($num) of type float is deprecated in APPPATH\Views\Manage\employees.php on line 205.
 1 APPPATH\Views\Manage\employees.php(205): number_format(null)
 2 SYSTEMPATH\View\View.php(224): include('C:\\Users\\zamza\\Documents\\GitHub\\Dairy-Farm\\xampp\\htdocs\\ci4-login\\app\\Views\\Manage\\employees.php')
 3 SYSTEMPATH\View\View.php(227): CodeIgniter\View\View->CodeIgniter\View\{closure}()
 4 SYSTEMPATH\Common.php(1173): CodeIgniter\View\View->render('manage/employees', [], true)
 5 APPPATH\Controllers\Manage.php(21): view('manage/employees', [...])
 6 SYSTEMPATH\CodeIgniter.php(933): App\Controllers\Manage->employees()
 7 SYSTEMPATH\CodeIgniter.php(507): CodeIgniter\CodeIgniter->runController(Object(App\Controllers\Manage))
 8 SYSTEMPATH\CodeIgniter.php(354): CodeIgniter\CodeIgniter->handleRequest(null, Object(Config\Cache), false)
 9 SYSTEMPATH\Boot.php(334): CodeIgniter\CodeIgniter->run()
10 SYSTEMPATH\Boot.php(67): CodeIgniter\Boot::runCodeIgniter(Object(CodeIgniter\CodeIgniter))
11 FCPATH\index.php(59): CodeIgniter\Boot::bootWeb(Object(Config\Paths))
DEBUG - 2025-08-06 13:37:04 --> Session: Class initialized using 'CodeIgniter\Session\Handlers\FileHandler' driver.
DEBUG - 2025-08-06 13:37:05 --> Session: Class initialized using 'CodeIgniter\Session\Handlers\FileHandler' driver.
WARNING - 2025-08-06 13:37:05 --> [DEPRECATED] ucfirst(): Passing null to parameter #1 ($string) of type string is deprecated in APPPATH\Views\Manage\employees.php on line 204.
 1 APPPATH\Views\Manage\employees.php(204): ucfirst(null)
 2 SYSTEMPATH\View\View.php(224): include('C:\\Users\\zamza\\Documents\\GitHub\\Dairy-Farm\\xampp\\htdocs\\ci4-login\\app\\Views\\Manage\\employees.php')
 3 SYSTEMPATH\View\View.php(227): CodeIgniter\View\View->CodeIgniter\View\{closure}()
 4 SYSTEMPATH\Common.php(1173): CodeIgniter\View\View->render('manage/employees', [], true)
 5 APPPATH\Controllers\Manage.php(21): view('manage/employees', [...])
 6 SYSTEMPATH\CodeIgniter.php(933): App\Controllers\Manage->employees()
 7 SYSTEMPATH\CodeIgniter.php(507): CodeIgniter\CodeIgniter->runController(Object(App\Controllers\Manage))
 8 SYSTEMPATH\CodeIgniter.php(354): CodeIgniter\CodeIgniter->handleRequest(null, Object(Config\Cache), false)
 9 SYSTEMPATH\Boot.php(334): CodeIgniter\CodeIgniter->run()
10 SYSTEMPATH\Boot.php(67): CodeIgniter\Boot::runCodeIgniter(Object(CodeIgniter\CodeIgniter))
11 FCPATH\index.php(59): CodeIgniter\Boot::bootWeb(Object(Config\Paths))
WARNING - 2025-08-06 13:37:05 --> [DEPRECATED] number_format(): Passing null to parameter #1 ($num) of type float is deprecated in APPPATH\Views\Manage\employees.php on line 205.
 1 APPPATH\Views\Manage\employees.php(205): number_format(null)
 2 SYSTEMPATH\View\View.php(224): include('C:\\Users\\zamza\\Documents\\GitHub\\Dairy-Farm\\xampp\\htdocs\\ci4-login\\app\\Views\\Manage\\employees.php')
 3 SYSTEMPATH\View\View.php(227): CodeIgniter\View\View->CodeIgniter\View\{closure}()
 4 SYSTEMPATH\Common.php(1173): CodeIgniter\View\View->render('manage/employees', [], true)
 5 APPPATH\Controllers\Manage.php(21): view('manage/employees', [...])
 6 SYSTEMPATH\CodeIgniter.php(933): App\Controllers\Manage->employees()
 7 SYSTEMPATH\CodeIgniter.php(507): CodeIgniter\CodeIgniter->runController(Object(App\Controllers\Manage))
 8 SYSTEMPATH\CodeIgniter.php(354): CodeIgniter\CodeIgniter->handleRequest(null, Object(Config\Cache), false)
 9 SYSTEMPATH\Boot.php(334): CodeIgniter\CodeIgniter->run()
10 SYSTEMPATH\Boot.php(67): CodeIgniter\Boot::runCodeIgniter(Object(CodeIgniter\CodeIgniter))
11 FCPATH\index.php(59): CodeIgniter\Boot::bootWeb(Object(Config\Paths))
DEBUG - 2025-08-06 13:37:21 --> Session: Class initialized using 'CodeIgniter\Session\Handlers\FileHandler' driver.
DEBUG - 2025-08-06 13:37:21 --> Session: Class initialized using 'CodeIgniter\Session\Handlers\FileHandler' driver.
WARNING - 2025-08-06 13:37:21 --> [DEPRECATED] ucfirst(): Passing null to parameter #1 ($string) of type string is deprecated in APPPATH\Views\Manage\employees.php on line 204.
 1 APPPATH\Views\Manage\employees.php(204): ucfirst(null)
 2 SYSTEMPATH\View\View.php(224): include('C:\\Users\\zamza\\Documents\\GitHub\\Dairy-Farm\\xampp\\htdocs\\ci4-login\\app\\Views\\Manage\\employees.php')
 3 SYSTEMPATH\View\View.php(227): CodeIgniter\View\View->CodeIgniter\View\{closure}()
 4 SYSTEMPATH\Common.php(1173): CodeIgniter\View\View->render('manage/employees', [], true)
 5 APPPATH\Controllers\Manage.php(21): view('manage/employees', [...])
 6 SYSTEMPATH\CodeIgniter.php(933): App\Controllers\Manage->employees()
 7 SYSTEMPATH\CodeIgniter.php(507): CodeIgniter\CodeIgniter->runController(Object(App\Controllers\Manage))
 8 SYSTEMPATH\CodeIgniter.php(354): CodeIgniter\CodeIgniter->handleRequest(null, Object(Config\Cache), false)
 9 SYSTEMPATH\Boot.php(334): CodeIgniter\CodeIgniter->run()
10 SYSTEMPATH\Boot.php(67): CodeIgniter\Boot::runCodeIgniter(Object(CodeIgniter\CodeIgniter))
11 FCPATH\index.php(59): CodeIgniter\Boot::bootWeb(Object(Config\Paths))
WARNING - 2025-08-06 13:37:21 --> [DEPRECATED] number_format(): Passing null to parameter #1 ($num) of type float is deprecated in APPPATH\Views\Manage\employees.php on line 205.
 1 APPPATH\Views\Manage\employees.php(205): number_format(null)
 2 SYSTEMPATH\View\View.php(224): include('C:\\Users\\zamza\\Documents\\GitHub\\Dairy-Farm\\xampp\\htdocs\\ci4-login\\app\\Views\\Manage\\employees.php')
 3 SYSTEMPATH\View\View.php(227): CodeIgniter\View\View->CodeIgniter\View\{closure}()
 4 SYSTEMPATH\Common.php(1173): CodeIgniter\View\View->render('manage/employees', [], true)
 5 APPPATH\Controllers\Manage.php(21): view('manage/employees', [...])
 6 SYSTEMPATH\CodeIgniter.php(933): App\Controllers\Manage->employees()
 7 SYSTEMPATH\CodeIgniter.php(507): CodeIgniter\CodeIgniter->runController(Object(App\Controllers\Manage))
 8 SYSTEMPATH\CodeIgniter.php(354): CodeIgniter\CodeIgniter->handleRequest(null, Object(Config\Cache), false)
 9 SYSTEMPATH\Boot.php(334): CodeIgniter\CodeIgniter->run()
10 SYSTEMPATH\Boot.php(67): CodeIgniter\Boot::runCodeIgniter(Object(CodeIgniter\CodeIgniter))
11 FCPATH\index.php(59): CodeIgniter\Boot::bootWeb(Object(Config\Paths))
DEBUG - 2025-08-06 13:37:26 --> Session: Class initialized using 'CodeIgniter\Session\Handlers\FileHandler' driver.
DEBUG - 2025-08-06 13:37:26 --> Session: Class initialized using 'CodeIgniter\Session\Handlers\FileHandler' driver.
DEBUG - 2025-08-06 13:37:54 --> Session: Class initialized using 'CodeIgniter\Session\Handlers\FileHandler' driver.
DEBUG - 2025-08-06 13:37:54 --> Session: Class initialized using 'CodeIgniter\Session\Handlers\FileHandler' driver.
DEBUG - 2025-08-06 13:37:57 --> Session: Class initialized using 'CodeIgniter\Session\Handlers\FileHandler' driver.
WARNING - 2025-08-06 13:37:57 --> [DEPRECATED] ucfirst(): Passing null to parameter #1 ($string) of type string is deprecated in APPPATH\Views\Manage\employees.php on line 204.
 1 APPPATH\Views\Manage\employees.php(204): ucfirst(null)
 2 SYSTEMPATH\View\View.php(224): include('C:\\Users\\zamza\\Documents\\GitHub\\Dairy-Farm\\xampp\\htdocs\\ci4-login\\app\\Views\\Manage\\employees.php')
 3 SYSTEMPATH\View\View.php(227): CodeIgniter\View\View->CodeIgniter\View\{closure}()
 4 SYSTEMPATH\Common.php(1173): CodeIgniter\View\View->render('manage/employees', [], true)
 5 APPPATH\Controllers\Manage.php(21): view('manage/employees', [...])
 6 SYSTEMPATH\CodeIgniter.php(933): App\Controllers\Manage->employees()
 7 SYSTEMPATH\CodeIgniter.php(507): CodeIgniter\CodeIgniter->runController(Object(App\Controllers\Manage))
 8 SYSTEMPATH\CodeIgniter.php(354): CodeIgniter\CodeIgniter->handleRequest(null, Object(Config\Cache), false)
 9 SYSTEMPATH\Boot.php(334): CodeIgniter\CodeIgniter->run()
10 SYSTEMPATH\Boot.php(67): CodeIgniter\Boot::runCodeIgniter(Object(CodeIgniter\CodeIgniter))
11 FCPATH\index.php(59): CodeIgniter\Boot::bootWeb(Object(Config\Paths))
WARNING - 2025-08-06 13:37:57 --> [DEPRECATED] number_format(): Passing null to parameter #1 ($num) of type float is deprecated in APPPATH\Views\Manage\employees.php on line 205.
 1 APPPATH\Views\Manage\employees.php(205): number_format(null)
 2 SYSTEMPATH\View\View.php(224): include('C:\\Users\\zamza\\Documents\\GitHub\\Dairy-Farm\\xampp\\htdocs\\ci4-login\\app\\Views\\Manage\\employees.php')
 3 SYSTEMPATH\View\View.php(227): CodeIgniter\View\View->CodeIgniter\View\{closure}()
 4 SYSTEMPATH\Common.php(1173): CodeIgniter\View\View->render('manage/employees', [], true)
 5 APPPATH\Controllers\Manage.php(21): view('manage/employees', [...])
 6 SYSTEMPATH\CodeIgniter.php(933): App\Controllers\Manage->employees()
 7 SYSTEMPATH\CodeIgniter.php(507): CodeIgniter\CodeIgniter->runController(Object(App\Controllers\Manage))
 8 SYSTEMPATH\CodeIgniter.php(354): CodeIgniter\CodeIgniter->handleRequest(null, Object(Config\Cache), false)
 9 SYSTEMPATH\Boot.php(334): CodeIgniter\CodeIgniter->run()
10 SYSTEMPATH\Boot.php(67): CodeIgniter\Boot::runCodeIgniter(Object(CodeIgniter\CodeIgniter))
11 FCPATH\index.php(59): CodeIgniter\Boot::bootWeb(Object(Config\Paths))
DEBUG - 2025-08-06 13:38:01 --> Session: Class initialized using 'CodeIgniter\Session\Handlers\FileHandler' driver.
DEBUG - 2025-08-06 13:38:02 --> Session: Class initialized using 'CodeIgniter\Session\Handlers\FileHandler' driver.
WARNING - 2025-08-06 13:38:02 --> [DEPRECATED] ucfirst(): Passing null to parameter #1 ($string) of type string is deprecated in APPPATH\Views\Manage\employees.php on line 204.
 1 APPPATH\Views\Manage\employees.php(204): ucfirst(null)
 2 SYSTEMPATH\View\View.php(224): include('C:\\Users\\zamza\\Documents\\GitHub\\Dairy-Farm\\xampp\\htdocs\\ci4-login\\app\\Views\\Manage\\employees.php')
 3 SYSTEMPATH\View\View.php(227): CodeIgniter\View\View->CodeIgniter\View\{closure}()
 4 SYSTEMPATH\Common.php(1173): CodeIgniter\View\View->render('manage/employees', [], true)
 5 APPPATH\Controllers\Manage.php(21): view('manage/employees', [...])
 6 SYSTEMPATH\CodeIgniter.php(933): App\Controllers\Manage->employees()
 7 SYSTEMPATH\CodeIgniter.php(507): CodeIgniter\CodeIgniter->runController(Object(App\Controllers\Manage))
 8 SYSTEMPATH\CodeIgniter.php(354): CodeIgniter\CodeIgniter->handleRequest(null, Object(Config\Cache), false)
 9 SYSTEMPATH\Boot.php(334): CodeIgniter\CodeIgniter->run()
10 SYSTEMPATH\Boot.php(67): CodeIgniter\Boot::runCodeIgniter(Object(CodeIgniter\CodeIgniter))
11 FCPATH\index.php(59): CodeIgniter\Boot::bootWeb(Object(Config\Paths))
WARNING - 2025-08-06 13:38:02 --> [DEPRECATED] number_format(): Passing null to parameter #1 ($num) of type float is deprecated in APPPATH\Views\Manage\employees.php on line 205.
 1 APPPATH\Views\Manage\employees.php(205): number_format(null)
 2 SYSTEMPATH\View\View.php(224): include('C:\\Users\\zamza\\Documents\\GitHub\\Dairy-Farm\\xampp\\htdocs\\ci4-login\\app\\Views\\Manage\\employees.php')
 3 SYSTEMPATH\View\View.php(227): CodeIgniter\View\View->CodeIgniter\View\{closure}()
 4 SYSTEMPATH\Common.php(1173): CodeIgniter\View\View->render('manage/employees', [], true)
 5 APPPATH\Controllers\Manage.php(21): view('manage/employees', [...])
 6 SYSTEMPATH\CodeIgniter.php(933): App\Controllers\Manage->employees()
 7 SYSTEMPATH\CodeIgniter.php(507): CodeIgniter\CodeIgniter->runController(Object(App\Controllers\Manage))
 8 SYSTEMPATH\CodeIgniter.php(354): CodeIgniter\CodeIgniter->handleRequest(null, Object(Config\Cache), false)
 9 SYSTEMPATH\Boot.php(334): CodeIgniter\CodeIgniter->run()
10 SYSTEMPATH\Boot.php(67): CodeIgniter\Boot::runCodeIgniter(Object(CodeIgniter\CodeIgniter))
11 FCPATH\index.php(59): CodeIgniter\Boot::bootWeb(Object(Config\Paths))
DEBUG - 2025-08-06 13:39:15 --> Session: Class initialized using 'CodeIgniter\Session\Handlers\FileHandler' driver.
WARNING - 2025-08-06 13:39:15 --> [DEPRECATED] ucfirst(): Passing null to parameter #1 ($string) of type string is deprecated in APPPATH\Views\Manage\employees.php on line 204.
 1 APPPATH\Views\Manage\employees.php(204): ucfirst(null)
 2 SYSTEMPATH\View\View.php(224): include('C:\\Users\\zamza\\Documents\\GitHub\\Dairy-Farm\\xampp\\htdocs\\ci4-login\\app\\Views\\Manage\\employees.php')
 3 SYSTEMPATH\View\View.php(227): CodeIgniter\View\View->CodeIgniter\View\{closure}()
 4 SYSTEMPATH\Common.php(1173): CodeIgniter\View\View->render('manage/employees', [], true)
 5 APPPATH\Controllers\Manage.php(21): view('manage/employees', [...])
 6 SYSTEMPATH\CodeIgniter.php(933): App\Controllers\Manage->employees()
 7 SYSTEMPATH\CodeIgniter.php(507): CodeIgniter\CodeIgniter->runController(Object(App\Controllers\Manage))
 8 SYSTEMPATH\CodeIgniter.php(354): CodeIgniter\CodeIgniter->handleRequest(null, Object(Config\Cache), false)
 9 SYSTEMPATH\Boot.php(334): CodeIgniter\CodeIgniter->run()
10 SYSTEMPATH\Boot.php(67): CodeIgniter\Boot::runCodeIgniter(Object(CodeIgniter\CodeIgniter))
11 FCPATH\index.php(59): CodeIgniter\Boot::bootWeb(Object(Config\Paths))
WARNING - 2025-08-06 13:39:15 --> [DEPRECATED] number_format(): Passing null to parameter #1 ($num) of type float is deprecated in APPPATH\Views\Manage\employees.php on line 205.
 1 APPPATH\Views\Manage\employees.php(205): number_format(null)
 2 SYSTEMPATH\View\View.php(224): include('C:\\Users\\zamza\\Documents\\GitHub\\Dairy-Farm\\xampp\\htdocs\\ci4-login\\app\\Views\\Manage\\employees.php')
 3 SYSTEMPATH\View\View.php(227): CodeIgniter\View\View->CodeIgniter\View\{closure}()
 4 SYSTEMPATH\Common.php(1173): CodeIgniter\View\View->render('manage/employees', [], true)
 5 APPPATH\Controllers\Manage.php(21): view('manage/employees', [...])
 6 SYSTEMPATH\CodeIgniter.php(933): App\Controllers\Manage->employees()
 7 SYSTEMPATH\CodeIgniter.php(507): CodeIgniter\CodeIgniter->runController(Object(App\Controllers\Manage))
 8 SYSTEMPATH\CodeIgniter.php(354): CodeIgniter\CodeIgniter->handleRequest(null, Object(Config\Cache), false)
 9 SYSTEMPATH\Boot.php(334): CodeIgniter\CodeIgniter->run()
10 SYSTEMPATH\Boot.php(67): CodeIgniter\Boot::runCodeIgniter(Object(CodeIgniter\CodeIgniter))
11 FCPATH\index.php(59): CodeIgniter\Boot::bootWeb(Object(Config\Paths))
DEBUG - 2025-08-06 13:39:26 --> Session: Class initialized using 'CodeIgniter\Session\Handlers\FileHandler' driver.
DEBUG - 2025-08-06 13:39:26 --> Session: Class initialized using 'CodeIgniter\Session\Handlers\FileHandler' driver.
WARNING - 2025-08-06 13:39:26 --> [DEPRECATED] ucfirst(): Passing null to parameter #1 ($string) of type string is deprecated in APPPATH\Views\Manage\employees.php on line 204.
 1 APPPATH\Views\Manage\employees.php(204): ucfirst(null)
 2 SYSTEMPATH\View\View.php(224): include('C:\\Users\\zamza\\Documents\\GitHub\\Dairy-Farm\\xampp\\htdocs\\ci4-login\\app\\Views\\Manage\\employees.php')
 3 SYSTEMPATH\View\View.php(227): CodeIgniter\View\View->CodeIgniter\View\{closure}()
 4 SYSTEMPATH\Common.php(1173): CodeIgniter\View\View->render('manage/employees', [], true)
 5 APPPATH\Controllers\Manage.php(21): view('manage/employees', [...])
 6 SYSTEMPATH\CodeIgniter.php(933): App\Controllers\Manage->employees()
 7 SYSTEMPATH\CodeIgniter.php(507): CodeIgniter\CodeIgniter->runController(Object(App\Controllers\Manage))
 8 SYSTEMPATH\CodeIgniter.php(354): CodeIgniter\CodeIgniter->handleRequest(null, Object(Config\Cache), false)
 9 SYSTEMPATH\Boot.php(334): CodeIgniter\CodeIgniter->run()
10 SYSTEMPATH\Boot.php(67): CodeIgniter\Boot::runCodeIgniter(Object(CodeIgniter\CodeIgniter))
11 FCPATH\index.php(59): CodeIgniter\Boot::bootWeb(Object(Config\Paths))
WARNING - 2025-08-06 13:39:26 --> [DEPRECATED] number_format(): Passing null to parameter #1 ($num) of type float is deprecated in APPPATH\Views\Manage\employees.php on line 205.
 1 APPPATH\Views\Manage\employees.php(205): number_format(null)
 2 SYSTEMPATH\View\View.php(224): include('C:\\Users\\zamza\\Documents\\GitHub\\Dairy-Farm\\xampp\\htdocs\\ci4-login\\app\\Views\\Manage\\employees.php')
 3 SYSTEMPATH\View\View.php(227): CodeIgniter\View\View->CodeIgniter\View\{closure}()
 4 SYSTEMPATH\Common.php(1173): CodeIgniter\View\View->render('manage/employees', [], true)
 5 APPPATH\Controllers\Manage.php(21): view('manage/employees', [...])
 6 SYSTEMPATH\CodeIgniter.php(933): App\Controllers\Manage->employees()
 7 SYSTEMPATH\CodeIgniter.php(507): CodeIgniter\CodeIgniter->runController(Object(App\Controllers\Manage))
 8 SYSTEMPATH\CodeIgniter.php(354): CodeIgniter\CodeIgniter->handleRequest(null, Object(Config\Cache), false)
 9 SYSTEMPATH\Boot.php(334): CodeIgniter\CodeIgniter->run()
10 SYSTEMPATH\Boot.php(67): CodeIgniter\Boot::runCodeIgniter(Object(CodeIgniter\CodeIgniter))
11 FCPATH\index.php(59): CodeIgniter\Boot::bootWeb(Object(Config\Paths))
DEBUG - 2025-08-06 13:39:36 --> Session: Class initialized using 'CodeIgniter\Session\Handlers\FileHandler' driver.
DEBUG - 2025-08-06 13:39:36 --> Session: Class initialized using 'CodeIgniter\Session\Handlers\FileHandler' driver.
WARNING - 2025-08-06 13:39:37 --> [DEPRECATED] ucfirst(): Passing null to parameter #1 ($string) of type string is deprecated in APPPATH\Views\Manage\employees.php on line 204.
 1 APPPATH\Views\Manage\employees.php(204): ucfirst(null)
 2 SYSTEMPATH\View\View.php(224): include('C:\\Users\\zamza\\Documents\\GitHub\\Dairy-Farm\\xampp\\htdocs\\ci4-login\\app\\Views\\Manage\\employees.php')
 3 SYSTEMPATH\View\View.php(227): CodeIgniter\View\View->CodeIgniter\View\{closure}()
 4 SYSTEMPATH\Common.php(1173): CodeIgniter\View\View->render('manage/employees', [], true)
 5 APPPATH\Controllers\Manage.php(21): view('manage/employees', [...])
 6 SYSTEMPATH\CodeIgniter.php(933): App\Controllers\Manage->employees()
 7 SYSTEMPATH\CodeIgniter.php(507): CodeIgniter\CodeIgniter->runController(Object(App\Controllers\Manage))
 8 SYSTEMPATH\CodeIgniter.php(354): CodeIgniter\CodeIgniter->handleRequest(null, Object(Config\Cache), false)
 9 SYSTEMPATH\Boot.php(334): CodeIgniter\CodeIgniter->run()
10 SYSTEMPATH\Boot.php(67): CodeIgniter\Boot::runCodeIgniter(Object(CodeIgniter\CodeIgniter))
11 FCPATH\index.php(59): CodeIgniter\Boot::bootWeb(Object(Config\Paths))
WARNING - 2025-08-06 13:39:37 --> [DEPRECATED] number_format(): Passing null to parameter #1 ($num) of type float is deprecated in APPPATH\Views\Manage\employees.php on line 205.
 1 APPPATH\Views\Manage\employees.php(205): number_format(null)
 2 SYSTEMPATH\View\View.php(224): include('C:\\Users\\zamza\\Documents\\GitHub\\Dairy-Farm\\xampp\\htdocs\\ci4-login\\app\\Views\\Manage\\employees.php')
 3 SYSTEMPATH\View\View.php(227): CodeIgniter\View\View->CodeIgniter\View\{closure}()
 4 SYSTEMPATH\Common.php(1173): CodeIgniter\View\View->render('manage/employees', [], true)
 5 APPPATH\Controllers\Manage.php(21): view('manage/employees', [...])
 6 SYSTEMPATH\CodeIgniter.php(933): App\Controllers\Manage->employees()
 7 SYSTEMPATH\CodeIgniter.php(507): CodeIgniter\CodeIgniter->runController(Object(App\Controllers\Manage))
 8 SYSTEMPATH\CodeIgniter.php(354): CodeIgniter\CodeIgniter->handleRequest(null, Object(Config\Cache), false)
 9 SYSTEMPATH\Boot.php(334): CodeIgniter\CodeIgniter->run()
10 SYSTEMPATH\Boot.php(67): CodeIgniter\Boot::runCodeIgniter(Object(CodeIgniter\CodeIgniter))
11 FCPATH\index.php(59): CodeIgniter\Boot::bootWeb(Object(Config\Paths))
